0 silly argv {
0 silly argv   _: [ 'add' ],
0 silly argv   scope: '@manniwatch/api-proxy-router',
0 silly argv   dev: true,
0 silly argv   D: true,
0 silly argv   globs: [],
0 silly argv   lernaVersion: '3.22.1',
0 silly argv   '$0': 'node_modules\\lerna\\cli.js',
0 silly argv   pkg: 'proxyquire'
0 silly argv }
1 notice cli v3.22.1
2 verbose rootPath C:\Users\aheid\Documents\VIsualStudioCode\manniwatch
3 error Error: Invalid tag name "^~.0.17": Tags may not have any characters that encodeURIComponent encodes.
3 error     at invalidTagName (C:\Users\aheid\Documents\VIsualStudioCode\manniwatch\node_modules\npm-package-arg\npa.js:91:15)
3 error     at fromRegistry (C:\Users\aheid\Documents\VIsualStudioCode\manniwatch\node_modules\npm-package-arg\npa.js:296:13)
3 error     at Function.resolve (C:\Users\aheid\Documents\VIsualStudioCode\manniwatch\node_modules\npm-package-arg\npa.js:81:12)
3 error     at C:\Users\aheid\Documents\VIsualStudioCode\manniwatch\node_modules\@lerna\package-graph\index.js:61:30
3 error     at Array.forEach (<anonymous>)
3 error     at C:\Users\aheid\Documents\VIsualStudioCode\manniwatch\node_modules\@lerna\package-graph\index.js:55:38
3 error     at Map.forEach (<anonymous>)
3 error     at new PackageGraph (C:\Users\aheid\Documents\VIsualStudioCode\manniwatch\node_modules\@lerna\package-graph\index.js:44:10)
